c:\users\sbsgame\desktop\share\gameprogramming\gameprogramming5\win32api\game\win32apigameframework\win32apigameframework\x64\debug\vc142.pdb
c:\users\sbsgame\desktop\share\gameprogramming\gameprogramming5\win32api\game\win32apigameframework\win32apigameframework\x64\debug\vc142.idb
c:\users\sbsgame\desktop\share\gameprogramming\gameprogramming5\win32api\game\win32apigameframework\win32apigameframework\x64\debug\gamescene.obj
c:\users\sbsgame\desktop\share\gameprogramming\gameprogramming5\win32api\game\win32apigameframework\win32apigameframework\x64\debug\bulletrenderer.obj
c:\users\sbsgame\desktop\share\gameprogramming\gameprogramming5\win32api\game\win32apigameframework\win32apigameframework\x64\debug\aibehaviorcontroller.obj
c:\users\sbsgame\desktop\share\gameprogramming\gameprogramming5\win32api\game\win32apigameframework\win32apigameframework\x64\debug\playerablecharacter.obj
c:\users\sbsgame\desktop\share\gameprogramming\gameprogramming5\win32api\game\win32apigameframework\win32apigameframework\x64\debug\playerattack.obj
c:\users\sbsgame\desktop\share\gameprogramming\gameprogramming5\win32api\game\win32apigameframework\win32apigameframework\x64\debug\characterrenderer.obj
c:\users\sbsgame\desktop\share\gameprogramming\gameprogramming5\win32api\game\win32apigameframework\win32apigameframework\x64\debug\playermanager.obj
c:\users\sbsgame\desktop\share\gameprogramming\gameprogramming5\win32api\game\win32apigameframework\win32apigameframework\x64\debug\enemycharacter.obj
c:\users\sbsgame\desktop\share\gameprogramming\gameprogramming5\win32api\game\win32apigameframework\win32apigameframework\x64\debug\character.obj
c:\users\sbsgame\desktop\share\gameprogramming\gameprogramming5\win32api\game\win32apigameframework\win32apigameframework\x64\debug\bullet.obj
c:\users\sbsgame\desktop\share\gameprogramming\gameprogramming5\win32api\game\win32apigameframework\win32apigameframework\x64\debug\hpbarrenderer.obj
c:\users\sbsgame\desktop\share\gameprogramming\gameprogramming5\win32api\game\win32apigameframework\win32apigameframework\x64\debug\aibehavior.obj
c:\users\sbsgame\desktop\share\gameprogramming\gameprogramming5\win32api\game\win32apigameframework\win32apigameframework\x64\debug\aibhtrackingplayer.obj
c:\users\sbsgame\desktop\share\gameprogramming\gameprogramming5\win32api\game\win32apigameframework\win32apigameframework\x64\debug\objectpool.obj
c:\users\sbsgame\desktop\share\gameprogramming\gameprogramming5\win32api\game\win32apigameframework\win32apigameframework\x64\debug\vector2.obj
c:\users\sbsgame\desktop\share\gameprogramming\gameprogramming5\win32api\game\win32apigameframework\win32apigameframework\x64\debug\gameplaystatics.obj
c:\users\sbsgame\desktop\share\gameprogramming\gameprogramming5\win32api\game\win32apigameframework\win32apigameframework\x64\debug\scenemanager.obj
c:\users\sbsgame\desktop\share\gameprogramming\gameprogramming5\win32api\game\win32apigameframework\win32apigameframework\x64\debug\gameinstance.obj
c:\users\sbsgame\desktop\share\gameprogramming\gameprogramming5\win32api\game\win32apigameframework\win32apigameframework\x64\debug\wavecontroller.obj
c:\users\sbsgame\desktop\share\gameprogramming\gameprogramming5\win32api\game\win32apigameframework\win32apigameframework\x64\debug\entry.obj
c:\users\sbsgame\desktop\share\gameprogramming\gameprogramming5\win32api\game\win32apigameframework\win32apigameframework\x64\debug\scene.obj
c:\users\sbsgame\desktop\share\gameprogramming\gameprogramming5\win32api\game\win32apigameframework\win32apigameframework\x64\debug\gameobject.obj
c:\users\sbsgame\desktop\share\gameprogramming\gameprogramming5\win32api\game\win32apigameframework\win32apigameframework\x64\debug\audioobject.obj
c:\users\sbsgame\desktop\share\gameprogramming\gameprogramming5\win32api\game\win32apigameframework\win32apigameframework\x64\debug\rendercomponent.obj
c:\users\sbsgame\desktop\share\gameprogramming\gameprogramming5\win32api\game\win32apigameframework\win32apigameframework\x64\debug\component.obj
c:\users\sbsgame\desktop\share\gameprogramming\gameprogramming5\win32api\game\win32apigameframework\win32apigameframework\x64\debug\rectcollision.obj
c:\users\sbsgame\desktop\share\gameprogramming\gameprogramming5\win32api\game\win32apigameframework\win32apigameframework\x64\debug\circlecollision.obj
c:\users\sbsgame\desktop\share\gameprogramming\gameprogramming5\win32api\game\win32apigameframework\win32apigameframework\x64\debug\audiocomponent.obj
c:\users\sbsgame\desktop\share\gameprogramming\gameprogramming5\win32api\game\win32apigameframework\win32apigameframework\x64\debug\collisionmanager.obj
c:\users\sbsgame\desktop\share\gameprogramming\gameprogramming5\win32api\game\win32apigameframework\win32apigameframework\x64\debug\bitmap.obj
c:\users\sbsgame\desktop\share\gameprogramming\gameprogramming5\win32api\game\win32apigameframework\win32apigameframework\x64\debug\collision.obj
c:\users\sbsgame\desktop\share\gameprogramming\gameprogramming5\win32api\game\win32apigameframework\win32apigameframework\x64\debug\object.obj
c:\users\sbsgame\desktop\share\gameprogramming\gameprogramming5\win32api\game\win32apigameframework\x64\debug\win32apigameframework.pdb
c:\users\sbsgame\desktop\share\gameprogramming\gameprogramming5\win32api\game\win32apigameframework\win32apigameframework\x64\debug\win32api.42a41446.tlog\cl.command.1.tlog
c:\users\sbsgame\desktop\share\gameprogramming\gameprogramming5\win32api\game\win32apigameframework\win32apigameframework\x64\debug\win32api.42a41446.tlog\cl.read.1.tlog
c:\users\sbsgame\desktop\share\gameprogramming\gameprogramming5\win32api\game\win32apigameframework\win32apigameframework\x64\debug\win32api.42a41446.tlog\cl.write.1.tlog
c:\users\sbsgame\desktop\share\gameprogramming\gameprogramming5\win32api\game\win32apigameframework\win32apigameframework\x64\debug\win32api.42a41446.tlog\link-cvtres.read.1.tlog
c:\users\sbsgame\desktop\share\gameprogramming\gameprogramming5\win32api\game\win32apigameframework\win32apigameframework\x64\debug\win32api.42a41446.tlog\link-cvtres.write.1.tlog
c:\users\sbsgame\desktop\share\gameprogramming\gameprogramming5\win32api\game\win32apigameframework\win32apigameframework\x64\debug\win32api.42a41446.tlog\link-rc.read.1.tlog
c:\users\sbsgame\desktop\share\gameprogramming\gameprogramming5\win32api\game\win32apigameframework\win32apigameframework\x64\debug\win32api.42a41446.tlog\link-rc.write.1.tlog
c:\users\sbsgame\desktop\share\gameprogramming\gameprogramming5\win32api\game\win32apigameframework\win32apigameframework\x64\debug\win32api.42a41446.tlog\link.15756-cvtres.read.1.tlog
c:\users\sbsgame\desktop\share\gameprogramming\gameprogramming5\win32api\game\win32apigameframework\win32apigameframework\x64\debug\win32api.42a41446.tlog\link.15756-cvtres.write.1.tlog
c:\users\sbsgame\desktop\share\gameprogramming\gameprogramming5\win32api\game\win32apigameframework\win32apigameframework\x64\debug\win32api.42a41446.tlog\link.15756-rc.read.1.tlog
c:\users\sbsgame\desktop\share\gameprogramming\gameprogramming5\win32api\game\win32apigameframework\win32apigameframework\x64\debug\win32api.42a41446.tlog\link.15756-rc.write.1.tlog
c:\users\sbsgame\desktop\share\gameprogramming\gameprogramming5\win32api\game\win32apigameframework\win32apigameframework\x64\debug\win32api.42a41446.tlog\link.15756.read.1.tlog
c:\users\sbsgame\desktop\share\gameprogramming\gameprogramming5\win32api\game\win32apigameframework\win32apigameframework\x64\debug\win32api.42a41446.tlog\link.15756.write.1.tlog
c:\users\sbsgame\desktop\share\gameprogramming\gameprogramming5\win32api\game\win32apigameframework\win32apigameframework\x64\debug\win32api.42a41446.tlog\link.command.1.tlog
c:\users\sbsgame\desktop\share\gameprogramming\gameprogramming5\win32api\game\win32apigameframework\win32apigameframework\x64\debug\win32api.42a41446.tlog\link.read.1.tlog
c:\users\sbsgame\desktop\share\gameprogramming\gameprogramming5\win32api\game\win32apigameframework\win32apigameframework\x64\debug\win32api.42a41446.tlog\link.write.1.tlog
