  AudioComponent.cpp
  CircleCollision.cpp
  Collision.cpp
  RectCollision.cpp
  Component.cpp
  RenderComponent.cpp
  AudioObject.cpp
  GameObject.cpp
  Object.cpp
  Scene.cpp
  Bitmap.cpp
  Entry.cpp
  CollisionManager.cpp
  GameInstance.cpp
  PlayerManager.cpp
  SceneManager.cpp
  GameplayStatics.cpp
  Vector2.cpp
  ObjectPool.cpp
  AIBehaviorController.cpp
C:\Users\SBSGAME\Desktop\Share\GameProgramming\GameProgramming5\Win32API\Game\Win32APIGameFramework\Win32APIGameFramework\Game\Components\AIBehaviorController\AIBehaviorController.cpp(35,24): warning C4018: '<': signed 또는 unsigned가 일치하지 않습니다.
  코드를 생성하고 있습니다...
  컴파일하고 있습니다...
  AIBehavior.cpp
  AIBHTrackingPlayer.cpp
C:\Users\SBSGAME\Desktop\Share\GameProgramming\GameProgramming5\Win32API\Game\Win32APIGameFramework\Win32APIGameFramework\Game\Components\AIBehaviorController\AIBehavior\AIBHTrackingPlayer\AIBHTrackingPlayer.cpp(7,10): fatal error C1083: 포함 파일을 열 수 없습니다. '../../../../../Game/GameObjects/Characters/PlayerableCharacter/PlayerableCharacter.h': No such file or directory
  BulletRenderer.cpp
  CharacterRenderer.cpp
  HpbarRenderer.cpp
  PlayerAttack.cpp
  Bullet.cpp
  Character.cpp
  EnemyCharacter.cpp
  PlayerableCharacter.cpp
  GameScene.cpp
  코드를 생성하고 있습니다...
